#
# There is insufficient memory for the Java Runtime Environment to continue.
# Native memory allocation (mmap) failed to map 1342177280 bytes for G1 virtual space
# Possible reasons:
#   The system is out of physical RAM or swap space
# Possible solutions:
#   Reduce memory load on the system
#   Increase physical memory or swap space
#   Check if swap backing store is full
#   Decrease Java heap size (-Xmx/-Xms)
#   Decrease number of Java threads
#   Decrease Java thread stack sizes (-Xss)
#   Set larger code cache with -XX:ReservedCodeCacheSize=
# This output file may be truncated or incomplete.
#
#  Out of Memory Error (os_windows.cpp:3528), pid=2704, tid=12596
#
# JRE version: OpenJDK Runtime Environment (20.0.1+9) (build 20.0.1+9-29)
# Java VM: OpenJDK 64-Bit Server VM (20.0.1+9-29, mixed mode, sharing, tiered, compressed class ptrs, g1 gc, windows-amd64)
# No core dump will be written. Minidumps are not enabled by default on client versions of Windows
#

---------------  S U M M A R Y ------------

Command Line: -Dfile.encoding=UTF8 -ea -Xmx2000000m 

Host: Intel(R) Core(TM) i5-3570 CPU @ 3.40GHz, 4 cores, 15G,  Windows 10 , 64 bit Build 19041 (10.0.19041.5198)
Time: Sun Jun  8 23:17:57 2025 대한민국 표준시 elapsed time: 4.339784 seconds (0d 0h 0m 4s)

---------------  T H R E A D  ---------------

Current thread (0x000002cd7d65c210):  VMThread "VM Thread" [stack: 0x000000e065ae0000,0x000000e065cd0000] [id=12596]

Stack: [0x000000e065ae0000,0x000000e065cd0000]
Native frames: (J=compiled Java code, j=interpreted, Vv=VM code, C=native code)
C  0x00007ffb3ce0b95a
C  0x00007ffb3cf985fa
C  0x00007ffb3cf9a1f5
C  0x00007ffb3cf9a8f3
C  0x00007ffb3c9d0b0f
C  0x00007ffb3ce086e9
C  0x00007ffb3cdfd2da
C  0x00007ffb3caaadf5
C  0x00007ffb3cab3016
C  0x00007ffb3cb03b3e
C  0x00007ffb3cb03dc5
C  0x00007ffb3ca7b50a
C  0x00007ffb3ca7b5b7
C  0x00007ffb3cac3942
C  0x00007ffb3cac2140
C  0x00007ffb3ca7ac51
C  0x00007ffb3cac1836
C  0x00007ffb3cfa023e
C  0x00007ffb3cfa1351
C  0x00007ffb3cfa1859
C  0x00007ffb3cfa1ad3
C  0x00007ffb3cf44b56
C  0x00007ffb3ce0a5cb
C  [ucrtbase.dll+0x21bb2]
C  [KERNEL32.DLL+0x17374]
C  [ntdll.dll+0x4cc91]

VM_Operation (0x000000e0639eda60): G1CollectForAllocation, mode: safepoint, requested by thread 0x000002cd7d695d60


---------------  P R O C E S S  ---------------

Threads class SMR info:
_java_thread_list=0x000004c05117bd10, length=13, elements={
0x000002cd7d695d60, 0x000002cd7d696800, 0x000002cd7d694820, 0x000002cd7d698d30,
0x000002cd7d699280, 0x000002cd7d69ad10, 0x000002cd7d693830, 0x000002cd7d59fac0,
0x000002cd7d59b800, 0x000002cd7d699d20, 0x000002cd7d696d50, 0x000002cd7d693d80,
0x000002cd7d59e480
}

Java Threads: ( => current thread )
  0x000002cd7d695d60 JavaThread "main" [_thread_blocked, id=2860, stack(0x000000e063800000,0x000000e0639f0000)]
  0x000002cd7d696800 JavaThread "Reference Handler" daemon [_thread_blocked, id=6616, stack(0x000000e065cd0000,0x000000e065ec0000)]
  0x000002cd7d694820 JavaThread "Finalizer" daemon [_thread_blocked, id=10656, stack(0x000000e065ec0000,0x000000e0660b0000)]
  0x000002cd7d698d30 JavaThread "Signal Dispatcher" daemon [_thread_blocked, id=12556, stack(0x000000e0660b0000,0x000000e0662a0000)]
  0x000002cd7d699280 JavaThread "Attach Listener" daemon [_thread_blocked, id=12692, stack(0x000000e0662a0000,0x000000e066490000)]
  0x000002cd7d69ad10 JavaThread "Service Thread" daemon [_thread_blocked, id=12696, stack(0x000000e066490000,0x000000e066680000)]
  0x000002cd7d693830 JavaThread "Monitor Deflation Thread" daemon [_thread_blocked, id=332, stack(0x000000e066680000,0x000000e066870000)]
  0x000002cd7d59fac0 JavaThread "C2 CompilerThread0" daemon [_thread_blocked, id=15160, stack(0x000000e066870000,0x000000e066a60000)]
  0x000002cd7d59b800 JavaThread "C1 CompilerThread0" daemon [_thread_blocked, id=7960, stack(0x000000e066a60000,0x000000e066c50000)]
  0x000002cd7d699d20 JavaThread "Notification Thread" daemon [_thread_blocked, id=13816, stack(0x000000e066c50000,0x000000e066e40000)]
  0x000002cd7d696d50 JavaThread "Common-Cleaner" daemon [_thread_blocked, id=272, stack(0x000000e067030000,0x000000e067220000)]
  0x000002cd7d693d80 JavaThread "Python Reference Queue" daemon [_thread_blocked, id=10512, stack(0x000000e067220000,0x000000e067410000)]
  0x000002cd7d59e480 JavaThread "C2 CompilerThread1" daemon [_thread_blocked, id=8576, stack(0x000000e0679e0000,0x000000e067bd0000)]

Other Threads:
=>0x000002cd7d65c210 VMThread "VM Thread" [stack: 0x000000e065ae0000,0x000000e065cd0000] [id=12596]
  0x000002cd7d491990 WatcherThread "VM Periodic Task Thread" [stack: 0x000000e066e40000,0x000000e067030000] [id=11976]
  0x000002cd7d659240 WorkerThread "GC Thread#0" [stack: 0x000000e065130000,0x000000e065320000] [id=11768]
  0x000002cd7d656540 WorkerThread "GC Thread#1" [stack: 0x000000e067410000,0x000000e067600000] [id=1572]
  0x000002cd7d659510 WorkerThread "GC Thread#2" [stack: 0x000000e067600000,0x000000e0677f0000] [id=14600]
  0x000002cd7d658700 WorkerThread "GC Thread#3" [stack: 0x000000e0677f0000,0x000000e0679e0000] [id=12208]
  0x000002cd7d60e2b0 ConcurrentGCThread "G1 Main Marker" [stack: 0x000000e065320000,0x000000e065510000] [id=13988]
  0x000002cd7d65a320 WorkerThread "G1 Conc#0" [stack: 0x000000e065510000,0x000000e065700000] [id=8056]
  0x000002cd7d5498c0 ConcurrentGCThread "G1 Refine#0" [stack: 0x000000e065700000,0x000000e0658f0000] [id=14472]
  0x000002cd7d6c6840 ConcurrentGCThread "G1 Service" [stack: 0x000000e0658f0000,0x000000e065ae0000] [id=3804]

Threads with active compile tasks:

VM state: at safepoint (normal execution)

VM Mutex/Monitor currently owned by a thread:  ([mutex/lock_event])
[0x000002cd7ec0b0d0] Threads_lock - owner thread: 0x000002cd7d65c210
[0x000002cd7ec0b4c0] Heap_lock - owner thread: 0x000002cd7d695d60

CDS archive(s) mapped at: [0x0000000800000000-0x0000000800c60000-0x0000000800c60000), size 12976128, SharedBaseAddress: 0x0000000800000000, ArchiveRelocationMode: 0.
Compressed class space mapped at: 0x0000000801000000-0x0000000841000000, reserved size: 1073741824
Narrow klass base: 0x0000000800000000, Narrow klass shift: 0, Narrow klass range: 0x100000000

GC Precious Log:
 CardTable entry size: 512
 Card Set container configuration: InlinePtr #cards 3 size 8 Array Of Cards #cards 256 size 528 Howl #buckets 8 coarsen threshold 58982 Howl Bitmap #cards 8192 size 1040 coarsen threshold 7372 Card regions per heap region 1 cards per card region 65536
 CPUs: 4 total, 4 available
 Memory: 16063M
 Large Page Support: Disabled
 NUMA Support: Disabled
 Compressed Oops: Disabled
 Heap Region Size: 32M
 Heap Min Capacity: 32M
 Heap Initial Capacity: 256M
 Heap Max Capacity: 2000000M
 Pre-touch: Disabled
 Parallel Workers: 4
 Concurrent Workers: 1
 Concurrent Refinement Workers: 4
 Periodic GC: Disabled

Heap:
 garbage-first heap   total 655360K, used 252105K [0x000002cd80000000, 0x000004b5c8000000)
  region size 32768K, 1 young (32768K), 1 survivors (32768K)
 Metaspace       used 3587K, committed 3712K, reserved 1114112K
  class space    used 322K, committed 384K, reserved 1048576K

Heap Regions: E=young(eden), S=young(survivor), O=old, HS=humongous(starts), HC=humongous(continues), CS=collection set, F=free, OA=open archive, CA=closed archive, TAMS=top-at-mark-start, PB=parsable bottom
|   0|0x000002cd80000000, 0x000002cd81ffffe8, 0x000002cd82000000| 99%| O|  |TAMS 0x000002cd80000000| PB 0x000002cd80000000| Untracked 
|   1|0x000002cd82000000, 0x000002cd83fffff8, 0x000002cd84000000| 99%| O|  |TAMS 0x000002cd82000000| PB 0x000002cd82000000| Untracked 
|   2|0x000002cd84000000, 0x000002cd85ffffe8, 0x000002cd86000000| 99%| O|  |TAMS 0x000002cd84000000| PB 0x000002cd84000000| Untracked 
|   3|0x000002cd86000000, 0x000002cd878414f0, 0x000002cd88000000| 75%| O|  |TAMS 0x000002cd86000000| PB 0x000002cd86000000| Untracked 
|   4|0x000002cd88000000, 0x000002cd89f976b8, 0x000002cd8a000000| 98%| O|  |TAMS 0x000002cd88000000| PB 0x000002cd88000000| Untracked 
|   5|0x000002cd8a000000, 0x000002cd8c000000, 0x000002cd8c000000|100%| O|  |TAMS 0x000002cd8a000000| PB 0x000002cd8a000000| Untracked 
|   6|0x000002cd8c000000, 0x000002cd8d280178, 0x000002cd8e000000| 57%| O|  |TAMS 0x000002cd8c000000| PB 0x000002cd8c000000| Untracked 
|   7|0x000002cd8e000000, 0x000002cd8fffffd0, 0x000002cd90000000| 99%| O|  |TAMS 0x000002cd8e000000| PB 0x000002cd8e000000| Untracked 
|   8|0x000002cd90000000, 0x000002cd90000000, 0x000002cd92000000|  0%| F|  |TAMS 0x000002cd90000000| PB 0x000002cd90000000| Untracked 
|   9|0x000002cd92000000, 0x000002cd92082bf0, 0x000002cd94000000|  1%| O|  |TAMS 0x000002cd92000000| PB 0x000002cd92000000| Untracked 
|  10|0x000002cd94000000, 0x000002cd94000000, 0x000002cd96000000|  0%| F|  |TAMS 0x000002cd94000000| PB 0x000002cd94000000| Untracked 
|  11|0x000002cd96000000, 0x000002cd96000000, 0x000002cd98000000|  0%| F|  |TAMS 0x000002cd96000000| PB 0x000002cd96000000| Untracked 
|  12|0x000002cd98000000, 0x000002cd98000000, 0x000002cd9a000000|  0%| F|  |TAMS 0x000002cd98000000| PB 0x000002cd98000000| Untracked 
|  13|0x000002cd9a000000, 0x000002cd9a000000, 0x000002cd9c000000|  0%| F|  |TAMS 0x000002cd9a000000| PB 0x000002cd9a000000| Untracked 
|  14|0x000002cd9c000000, 0x000002cd9c000000, 0x000002cd9e000000|  0%| F|  |TAMS 0x000002cd9c000000| PB 0x000002cd9c000000| Untracked 
|  15|0x000002cd9e000000, 0x000002cd9e000000, 0x000002cda0000000|  0%| F|  |TAMS 0x000002cd9e000000| PB 0x000002cd9e000000| Untracked 
|  16|0x000002cda0000000, 0x000002cda0000000, 0x000002cda2000000|  0%| F|  |TAMS 0x000002cda0000000| PB 0x000002cda0000000| Untracked 
|  17|0x000002cda2000000, 0x000002cda2b56e18, 0x000002cda4000000| 35%| S|CS|TAMS 0x000002cda2000000| PB 0x000002cda2000000| Complete 
|  18|0x000002cda4000000, 0x000002cda4000000, 0x000002cda6000000|  0%| F|  |TAMS 0x000002cda4000000| PB 0x000002cda4000000| Untracked 
|  19|0x000002cda6000000, 0x000002cda6000000, 0x000002cda8000000|  0%| F|  |TAMS 0x000002cda6000000| PB 0x000002cda6000000| Untracked 

Card table byte_map: [0x000004b6bff60000,0x000004b7b41a0000] _byte_map_base: 0x000004b559360000

Marking Bits: (CMBitMap*) 0x000002cd7d573010
 Bits: [0x000004b8a83e0000, 0x000004c0495e0000)

Polling page: 0x000002cd7f780000

Metaspace:

Usage:
  Non-class:      3.19 MB used.
      Class:    322.95 KB used.
       Both:      3.50 MB used.

Virtual space:
  Non-class space:       64.00 MB reserved,       3.25 MB (  5%) committed,  1 nodes.
      Class space:        1.00 GB reserved,     384.00 KB ( <1%) committed,  1 nodes.
             Both:        1.06 GB reserved,       3.62 MB ( <1%) committed. 

Chunk freelists:
   Non-Class:  3.38 MB
       Class:  3.64 MB
        Both:  7.02 MB

MaxMetaspaceSize: unlimited
CompressedClassSpaceSize: 1.00 GB
Initial GC threshold: 21.00 MB
Current GC threshold: 21.00 MB
CDS: on
MetaspaceReclaimPolicy: balanced
 - commit_granule_bytes: 65536.
 - commit_granule_words: 8192.
 - virtual_space_node_default_size: 8388608.
 - enlarge_chunks_in_place: 1.
 - new_chunks_are_fully_committed: 0.
 - uncommit_free_chunks: 1.
 - use_allocation_guard: 0.


Internal statistics:

num_allocs_failed_limit: 0.
num_arena_births: 102.
num_arena_deaths: 0.
num_vsnodes_births: 2.
num_vsnodes_deaths: 0.
num_space_committed: 58.
num_space_uncommitted: 0.
num_chunks_returned_to_freelist: 0.
num_chunks_taken_from_freelist: 159.
num_chunk_merges: 0.
num_chunk_splits: 96.
num_chunks_enlarged: 49.
num_inconsistent_stats: 0.

CodeHeap 'non-profiled nmethods': size=120000Kb used=867Kb max_used=867Kb free=119132Kb
 bounds [0x000002cd0fac0000, 0x000002cd0fd30000, 0x000002cd16ff0000]
CodeHeap 'profiled nmethods': size=120000Kb used=1854Kb max_used=2089Kb free=118145Kb
 bounds [0x000002cd07ff0000, 0x000002cd08260000, 0x000002cd0f520000]
CodeHeap 'non-nmethods': size=5760Kb used=1406Kb max_used=1455Kb free=4353Kb
 bounds [0x000002cd0f520000, 0x000002cd0f790000, 0x000002cd0fac0000]
 total_blobs=1687 nmethods=1236 adapters=361
 compilation: enabled
              stopped_count=0, restarted_count=0
 full_count=0

Compilation events (20 events):
Event: 4.062 Thread 0x000002cd7d59fac0 nmethod 1392 0x000002cd0fb94b90 code [0x000002cd0fb94d00, 0x000002cd0fb94f80]
Event: 4.062 Thread 0x000002cd7d59fac0 1403       4       java.util.LinkedList::add (7 bytes)
Event: 4.065 Thread 0x000002cd7d59fac0 nmethod 1403 0x000002cd0fb95110 code [0x000002cd0fb95280, 0x000002cd0fb95618]
Event: 4.065 Thread 0x000002cd7d59fac0 1405       4       java.util.LinkedList::linkLast (59 bytes)
Event: 4.068 Thread 0x000002cd7d59fac0 nmethod 1405 0x000002cd0fb95710 code [0x000002cd0fb95880, 0x000002cd0fb95c10]
Event: 4.068 Thread 0x000002cd7d59fac0 1410       4       java.util.AbstractCollection::isEmpty (13 bytes)
Event: 4.068 Thread 0x000002cd7d59e480 nmethod 1417% 0x000002cd0fb95d10 code [0x000002cd0fb95ec0, 0x000002cd0fb96c50]
Event: 4.069 Thread 0x000002cd7d59e480 1411       4       java.util.LinkedList::unlinkFirst (64 bytes)
Event: 4.069 Thread 0x000002cd7d59fac0 nmethod 1410 0x000002cd0fb97310 code [0x000002cd0fb97480, 0x000002cd0fb97530]
Event: 4.069 Thread 0x000002cd7d59fac0 1413       4       java.util.LinkedList::remove (5 bytes)
Event: 4.070 Thread 0x000002cd7d59e480 nmethod 1411 0x000002cd0fb97610 code [0x000002cd0fb97780, 0x000002cd0fb97a60]
Event: 4.071 Thread 0x000002cd7d59e480 1384       4       kr.co.shineware.ds.aho_corasick.model.AhoCorasickNode::<init> (5 bytes)
Event: 4.071 Thread 0x000002cd7d59fac0 nmethod 1413 0x000002cd0fb97b10 code [0x000002cd0fb97c80, 0x000002cd0fb97f60]
Event: 4.071 Thread 0x000002cd7d59fac0 1390   !   4       jdk.internal.reflect.GeneratedSerializationConstructorAccessor5::newInstance (49 bytes)
Event: 4.071 Thread 0x000002cd7d59e480 nmethod 1384 0x000002cd0fb98010 code [0x000002cd0fb98180, 0x000002cd0fb98208]
Event: 4.071 Thread 0x000002cd7d59e480 1378       4       java.io.ObjectInputStream$PeekInputStream::read (47 bytes)
Event: 4.072 Thread 0x000002cd7d59e480 nmethod 1378 0x000002cd0fb98310 code [0x000002cd0fb98480, 0x000002cd0fb98580]
Event: 4.072 Thread 0x000002cd7d59e480 1391       4       java.io.SerialCallbackContext::check (59 bytes)
Event: 4.072 Thread 0x000002cd7d59fac0 nmethod 1390 0x000002cd0fb98690 code [0x000002cd0fb98800, 0x000002cd0fb98950]
Event: 4.072 Thread 0x000002cd7d59e480 nmethod 1391 0x000002cd0fb98b10 code [0x000002cd0fb98c80, 0x000002cd0fb98d20]

GC Heap History (20 events):
Event: 2.332 GC heap after
{Heap after GC invocations=13 (full 7):
 garbage-first heap   total 327680K, used 131443K [0x000002cd80000000, 0x000004b5c8000000)
  region size 32768K, 1 young (32768K), 1 survivors (32768K)
 Metaspace       used 3556K, committed 3712K, reserved 1114112K
  class space    used 320K, committed 384K, reserved 1048576K
}
Event: 2.381 GC heap before
{Heap before GC invocations=13 (full 7):
 garbage-first heap   total 327680K, used 164211K [0x000002cd80000000, 0x000004b5c8000000)
  region size 32768K, 2 young (65536K), 1 survivors (32768K)
 Metaspace       used 3556K, committed 3712K, reserved 1114112K
  class space    used 320K, committed 384K, reserved 1048576K
}
Event: 2.401 GC heap after
{Heap after GC invocations=14 (full 7):
 garbage-first heap   total 327680K, used 147876K [0x000002cd80000000, 0x000004b5c8000000)
  region size 32768K, 1 young (32768K), 1 survivors (32768K)
 Metaspace       used 3556K, committed 3712K, reserved 1114112K
  class space    used 320K, committed 384K, reserved 1048576K
}
Event: 2.428 GC heap before
{Heap before GC invocations=14 (full 7):
 garbage-first heap   total 327680K, used 147876K [0x000002cd80000000, 0x000004b5c8000000)
  region size 32768K, 2 young (65536K), 1 survivors (32768K)
 Metaspace       used 3556K, committed 3712K, reserved 1114112K
  class space    used 320K, committed 384K, reserved 1048576K
}
Event: 2.750 GC heap after
{Heap after GC invocations=15 (full 8):
 garbage-first heap   total 327680K, used 148580K [0x000002cd80000000, 0x000004b5c8000000)
  region size 32768K, 0 young (0K), 0 survivors (0K)
 Metaspace       used 3556K, committed 3712K, reserved 1114112K
  class space    used 320K, committed 384K, reserved 1048576K
}
Event: 2.804 GC heap before
{Heap before GC invocations=15 (full 8):
 garbage-first heap   total 327680K, used 181348K [0x000002cd80000000, 0x000004b5c8000000)
  region size 32768K, 1 young (32768K), 0 survivors (0K)
 Metaspace       used 3556K, committed 3712K, reserved 1114112K
  class space    used 320K, committed 384K, reserved 1048576K
}
Event: 2.818 GC heap after
{Heap after GC invocations=16 (full 8):
 garbage-first heap   total 983040K, used 169166K [0x000002cd80000000, 0x000004b5c8000000)
  region size 32768K, 1 young (32768K), 1 survivors (32768K)
 Metaspace       used 3556K, committed 3712K, reserved 1114112K
  class space    used 320K, committed 384K, reserved 1048576K
}
Event: 2.900 GC heap before
{Heap before GC invocations=16 (full 8):
 garbage-first heap   total 983040K, used 201934K [0x000002cd80000000, 0x000004b5c8000000)
  region size 32768K, 2 young (65536K), 1 survivors (32768K)
 Metaspace       used 3556K, committed 3712K, reserved 1114112K
  class space    used 320K, committed 384K, reserved 1048576K
}
Event: 2.920 GC heap after
{Heap after GC invocations=17 (full 8):
 garbage-first heap   total 983040K, used 186777K [0x000002cd80000000, 0x000004b5c8000000)
  region size 32768K, 1 young (32768K), 1 survivors (32768K)
 Metaspace       used 3556K, committed 3712K, reserved 1114112K
  class space    used 320K, committed 384K, reserved 1048576K
}
Event: 2.947 GC heap before
{Heap before GC invocations=17 (full 8):
 garbage-first heap   total 983040K, used 186777K [0x000002cd80000000, 0x000004b5c8000000)
  region size 32768K, 2 young (65536K), 1 survivors (32768K)
 Metaspace       used 3556K, committed 3712K, reserved 1114112K
  class space    used 320K, committed 384K, reserved 1048576K
}
Event: 3.158 GC heap after
{Heap after GC invocations=18 (full 9):
 garbage-first heap   total 655360K, used 190574K [0x000002cd80000000, 0x000004b5c8000000)
  region size 32768K, 0 young (0K), 0 survivors (0K)
 Metaspace       used 3556K, committed 3712K, reserved 1114112K
  class space    used 320K, committed 384K, reserved 1048576K
}
Event: 3.185 GC heap before
{Heap before GC invocations=18 (full 9):
 garbage-first heap   total 655360K, used 190574K [0x000002cd80000000, 0x000004b5c8000000)
  region size 32768K, 1 young (32768K), 0 survivors (0K)
 Metaspace       used 3556K, committed 3712K, reserved 1114112K
  class space    used 320K, committed 384K, reserved 1048576K
}
Event: 3.398 GC heap after
{Heap after GC invocations=19 (full 10):
 garbage-first heap   total 655360K, used 197504K [0x000002cd80000000, 0x000004b5c8000000)
  region size 32768K, 0 young (0K), 0 survivors (0K)
 Metaspace       used 3556K, committed 3712K, reserved 1114112K
  class space    used 320K, committed 384K, reserved 1048576K
}
Event: 3.496 GC heap before
{Heap before GC invocations=19 (full 10):
 garbage-first heap   total 655360K, used 230272K [0x000002cd80000000, 0x000004b5c8000000)
  region size 32768K, 2 young (65536K), 0 survivors (0K)
 Metaspace       used 3556K, committed 3712K, reserved 1114112K
  class space    used 320K, committed 384K, reserved 1048576K
}
Event: 3.522 GC heap after
{Heap after GC invocations=20 (full 10):
 garbage-first heap   total 655360K, used 250562K [0x000002cd80000000, 0x000004b5c8000000)
  region size 32768K, 1 young (32768K), 1 survivors (32768K)
 Metaspace       used 3556K, committed 3712K, reserved 1114112K
  class space    used 320K, committed 384K, reserved 1048576K
}
Event: 3.548 GC heap before
{Heap before GC invocations=20 (full 10):
 garbage-first heap   total 655360K, used 250562K [0x000002cd80000000, 0x000004b5c8000000)
  region size 32768K, 2 young (65536K), 1 survivors (32768K)
 Metaspace       used 3557K, committed 3712K, reserved 1114112K
  class space    used 320K, committed 384K, reserved 1048576K
}
Event: 3.809 GC heap after
{Heap after GC invocations=21 (full 11):
 garbage-first heap   total 655360K, used 240494K [0x000002cd80000000, 0x000004b5c8000000)
  region size 32768K, 0 young (0K), 0 survivors (0K)
 Metaspace       used 3557K, committed 3712K, reserved 1114112K
  class space    used 320K, committed 384K, reserved 1048576K
}
Event: 4.016 GC heap before
{Heap before GC invocations=21 (full 11):
 garbage-first heap   total 655360K, used 273262K [0x000002cd80000000, 0x000004b5c8000000)
  region size 32768K, 1 young (32768K), 0 survivors (0K)
 Metaspace       used 3587K, committed 3712K, reserved 1114112K
  class space    used 322K, committed 384K, reserved 1048576K
}
Event: 4.035 GC heap after
{Heap after GC invocations=22 (full 11):
 garbage-first heap   total 655360K, used 252314K [0x000002cd80000000, 0x000004b5c8000000)
  region size 32768K, 1 young (32768K), 1 survivors (32768K)
 Metaspace       used 3587K, committed 3712K, reserved 1114112K
  class space    used 322K, committed 384K, reserved 1048576K
}
Event: 4.301 GC heap before
{Heap before GC invocations=22 (full 11):
 garbage-first heap   total 655360K, used 285082K [0x000002cd80000000, 0x000004b5c8000000)
  region size 32768K, 2 young (65536K), 1 survivors (32768K)
 Metaspace       used 3587K, committed 3712K, reserved 1114112K
  class space    used 322K, committed 384K, reserved 1048576K
}

Dll operation events (7 events):
Event: 0.010 Loaded shared library C:\Program Files\OpenJDK\jdk-20.0.1\bin\java.dll
Event: 0.100 Loaded shared library C:\Program Files\OpenJDK\jdk-20.0.1\bin\jsvml.dll
Event: 0.225 Loaded shared library C:\Program Files\OpenJDK\jdk-20.0.1\bin\net.dll
Event: 0.227 Loaded shared library C:\Program Files\OpenJDK\jdk-20.0.1\bin\nio.dll
Event: 0.235 Loaded shared library C:\Program Files\OpenJDK\jdk-20.0.1\bin\zip.dll
Event: 0.294 Loaded shared library C:\Users\hjcho\Desktop\dream\ai\myenv\Lib\site-packages\_jpype.cp312-win_amd64.pyd
Event: 0.329 Loaded shared library C:\Program Files\OpenJDK\jdk-20.0.1\bin\jimage.dll

Deoptimization events (20 events):
Event: 3.886 Thread 0x000002cd7d695d60 DEOPT PACKING pc=0x000002cd081ccbce sp=0x000000e0639edae0
Event: 3.886 Thread 0x000002cd7d695d60 DEOPT UNPACKING pc=0x000002cd0f58a4c2 sp=0x000000e0639ecf90 mode 0
Event: 3.886 Thread 0x000002cd7d695d60 Uncommon trap: trap_request=0xffffffbe fr.pc=0x000002cd0fb70474 relative=0x0000000000000274
Event: 3.886 Thread 0x000002cd7d695d60 Uncommon trap: reason=profile_predicate action=maybe_recompile pc=0x000002cd0fb70474 method=java.util.Arrays.fill([Ljava/lang/Object;IILjava/lang/Object;)V @ 10 c2
Event: 3.886 Thread 0x000002cd7d695d60 DEOPT PACKING pc=0x000002cd0fb70474 sp=0x000000e0639edac0
Event: 3.886 Thread 0x000002cd7d695d60 DEOPT UNPACKING pc=0x000002cd0f589d22 sp=0x000000e0639edaa0 mode 2
Event: 3.886 Thread 0x000002cd7d695d60 Uncommon trap: trap_request=0xffffffbe fr.pc=0x000002cd0fb70474 relative=0x0000000000000274
Event: 3.886 Thread 0x000002cd7d695d60 Uncommon trap: reason=profile_predicate action=maybe_recompile pc=0x000002cd0fb70474 method=java.util.Arrays.fill([Ljava/lang/Object;IILjava/lang/Object;)V @ 10 c2
Event: 3.886 Thread 0x000002cd7d695d60 DEOPT PACKING pc=0x000002cd0fb70474 sp=0x000000e0639edac0
Event: 3.886 Thread 0x000002cd7d695d60 DEOPT UNPACKING pc=0x000002cd0f589d22 sp=0x000000e0639edaa0 mode 2
Event: 3.886 Thread 0x000002cd7d695d60 Uncommon trap: trap_request=0xffffffbe fr.pc=0x000002cd0fb70474 relative=0x0000000000000274
Event: 3.886 Thread 0x000002cd7d695d60 Uncommon trap: reason=profile_predicate action=maybe_recompile pc=0x000002cd0fb70474 method=java.util.Arrays.fill([Ljava/lang/Object;IILjava/lang/Object;)V @ 10 c2
Event: 3.886 Thread 0x000002cd7d695d60 DEOPT PACKING pc=0x000002cd0fb70474 sp=0x000000e0639edac0
Event: 3.886 Thread 0x000002cd7d695d60 DEOPT UNPACKING pc=0x000002cd0f589d22 sp=0x000000e0639edaa0 mode 2
Event: 3.886 Thread 0x000002cd7d695d60 Uncommon trap: trap_request=0xffffffbe fr.pc=0x000002cd0fb70474 relative=0x0000000000000274
Event: 3.886 Thread 0x000002cd7d695d60 Uncommon trap: reason=profile_predicate action=maybe_recompile pc=0x000002cd0fb70474 method=java.util.Arrays.fill([Ljava/lang/Object;IILjava/lang/Object;)V @ 10 c2
Event: 3.886 Thread 0x000002cd7d695d60 DEOPT PACKING pc=0x000002cd0fb70474 sp=0x000000e0639edac0
Event: 3.886 Thread 0x000002cd7d695d60 DEOPT UNPACKING pc=0x000002cd0f589d22 sp=0x000000e0639edaa0 mode 2
Event: 4.071 Thread 0x000002cd7d695d60 DEOPT PACKING pc=0x000002cd081f199a sp=0x000000e0639edcd0
Event: 4.071 Thread 0x000002cd7d695d60 DEOPT UNPACKING pc=0x000002cd0f58a4c2 sp=0x000000e0639ed200 mode 0

Classes loaded (20 events):
Event: 0.842 Loading class java/util/function/UnaryOperator
Event: 0.842 Loading class java/util/function/UnaryOperator done
Event: 0.842 Loading class java/io/ClassCache$CacheRef
Event: 0.842 Loading class java/io/ClassCache$CacheRef done
Event: 0.842 Loading class java/io/ObjectStreamClass$FieldReflectorKey
Event: 0.843 Loading class java/io/ObjectStreamClass$FieldReflectorKey done
Event: 0.843 Loading class java/io/ObjectStreamClass$FieldReflector
Event: 0.843 Loading class java/io/ObjectStreamClass$FieldReflector done
Event: 0.843 Loading class java/io/ObjectStreamClass$ClassDataSlot
Event: 0.843 Loading class java/io/ObjectStreamClass$ClassDataSlot done
Event: 0.843 Loading class java/io/ObjectInputStream$FieldValues
Event: 0.843 Loading class java/io/ObjectInputStream$GetField
Event: 0.843 Loading class java/io/ObjectInputStream$GetField done
Event: 0.843 Loading class java/io/ObjectInputStream$FieldValues done
Event: 0.843 Loading class java/io/SerialCallbackContext
Event: 0.843 Loading class java/io/SerialCallbackContext done
Event: 0.859 Loading class java/lang/invoke/MethodHandle$1
Event: 0.859 Loading class java/lang/invoke/MethodHandle$1 done
Event: 3.817 Loading class java/io/ObjectStreamClass$ExceptionInfo
Event: 3.817 Loading class java/io/ObjectStreamClass$ExceptionInfo done

Classes unloaded (0 events):
No events

Classes redefined (0 events):
No events

Internal exceptions (12 events):
Event: 0.300 Thread 0x000002cd7d695d60 Exception <a 'java/lang/NoSuchMethodError'{0x000002cd8e4d8560}: 'int java.lang.invoke.DirectMethodHandle$Holder.invokeStaticInit(java.lang.Object, java.lang.Object)'> (0x000002cd8e4d8560) 
thrown [s\open\src\hotspot\share\interpreter\linkResolver.cpp, line 773]
Event: 0.302 Thread 0x000002cd7d695d60 Exception <a 'java/lang/NoSuchMethodError'{0x000002cd8e4e0c08}: 'java.lang.Object java.lang.invoke.DirectMethodHandle$Holder.invokeStaticInit(java.lang.Object, int)'> (0x000002cd8e4e0c08) 
thrown [s\open\src\hotspot\share\interpreter\linkResolver.cpp, line 773]
Event: 0.305 Thread 0x000002cd7d695d60 Exception <a 'java/lang/NoSuchMethodError'{0x000002cd8e4ef818}: 'int java.lang.invoke.DirectMethodHandle$Holder.invokeSpecial(java.lang.Object, java.lang.Object, java.lang.Object)'> (0x000002cd8e4ef818) 
thrown [s\open\src\hotspot\share\interpreter\linkResolver.cpp, line 773]
Event: 0.308 Thread 0x000002cd7d695d60 Exception <a 'java/lang/NoSuchMethodError'{0x000002cd8e504e18}: 'java.lang.Object java.lang.invoke.DirectMethodHandle$Holder.invokeStatic(java.lang.Object, java.lang.Object, int)'> (0x000002cd8e504e18) 
thrown [s\open\src\hotspot\share\interpreter\linkResolver.cpp, line 773]
Event: 0.310 Thread 0x000002cd7d695d60 Exception <a 'java/lang/NoSuchMethodError'{0x000002cd8e5135b0}: 'void java.lang.invoke.DelegatingMethodHandle$Holder.delegate(java.lang.Object, java.lang.Object, int, java.lang.Object)'> (0x000002cd8e5135b0) 
thrown [s\open\src\hotspot\share\interpreter\linkResolver.cpp, line 773]
Event: 0.358 Thread 0x000002cd7d695d60 Exception <a 'java/lang/NoSuchMethodError'{0x000002cd8e70c0c8}: 'java.lang.Object java.lang.invoke.DirectMethodHandle$Holder.invokeInterface(java.lang.Object, java.lang.Object)'> (0x000002cd8e70c0c8) 
thrown [s\open\src\hotspot\share\interpreter\linkResolver.cpp, line 773]
Event: 0.358 Thread 0x000002cd7d695d60 Exception <a 'java/lang/IncompatibleClassChangeError'{0x000002cd8e710360}: Found class java.lang.Object, but interface was expected> (0x000002cd8e710360) 
thrown [s\open\src\hotspot\share\interpreter\linkResolver.cpp, line 840]
Event: 0.395 Thread 0x000002cd7d695d60 Exception <a 'java/lang/NoSuchMethodError'{0x000002cd8e85d050}: method resolution failed> (0x000002cd8e85d050) 
thrown [s\open\src\hotspot\share\prims\methodHandles.cpp, line 1260]
Event: 0.397 Thread 0x000002cd7d695d60 Exception <a 'java/lang/NoSuchMethodError'{0x000002cd8e869348}: 'java.lang.Object java.lang.invoke.Invokers$Holder.invokeExact_MT(java.lang.Object, java.lang.Object, java.lang.Object, java.lang.Object, java.lang.Object)'> (0x000002cd8e869348) 
thrown [s\open\src\hotspot\share\interpreter\linkResolver.cpp, line 773]
Event: 0.838 Thread 0x000002cd7d695d60 Exception <a 'java/lang/NoSuchMethodError'{0x000002cd86115570}: 'long java.lang.invoke.DirectMethodHandle$Holder.invokeSpecial(java.lang.Object, java.lang.Object)'> (0x000002cd86115570) 
thrown [s\open\src\hotspot\share\interpreter\linkResolver.cpp, line 773]
Event: 0.839 Thread 0x000002cd7d695d60 Exception <a 'java/lang/NoSuchMethodError'{0x000002cd861196e8}: 'long java.lang.invoke.Invokers$Holder.invokeExact_MT(java.lang.Object, java.lang.Object)'> (0x000002cd861196e8) 
thrown [s\open\src\hotspot\share\interpreter\linkResolver.cpp, line 773]
Event: 0.843 Thread 0x000002cd7d695d60 Exception <a 'java/lang/NoSuchMethodError'{0x000002cd8612b958}: 'void java.lang.invoke.DirectMethodHandle$Holder.invokeSpecial(java.lang.Object, java.lang.Object, java.lang.Object)'> (0x000002cd8612b958) 
thrown [s\open\src\hotspot\share\interpreter\linkResolver.cpp, line 773]

VM Operations (20 events):
Event: 2.332 Executing VM operation: G1CollectForAllocation done
Event: 2.381 Executing VM operation: G1CollectForAllocation
Event: 2.401 Executing VM operation: G1CollectForAllocation done
Event: 2.428 Executing VM operation: G1CollectFull
Event: 2.750 Executing VM operation: G1CollectFull done
Event: 2.804 Executing VM operation: G1CollectForAllocation
Event: 2.818 Executing VM operation: G1CollectForAllocation done
Event: 2.899 Executing VM operation: G1CollectForAllocation
Event: 2.920 Executing VM operation: G1CollectForAllocation done
Event: 2.947 Executing VM operation: G1CollectFull
Event: 3.158 Executing VM operation: G1CollectFull done
Event: 3.185 Executing VM operation: G1CollectFull
Event: 3.398 Executing VM operation: G1CollectFull done
Event: 3.496 Executing VM operation: G1CollectForAllocation
Event: 3.522 Executing VM operation: G1CollectForAllocation done
Event: 3.548 Executing VM operation: G1CollectFull
Event: 3.809 Executing VM operation: G1CollectFull done
Event: 4.016 Executing VM operation: G1CollectForAllocation
Event: 4.035 Executing VM operation: G1CollectForAllocation done
Event: 4.301 Executing VM operation: G1CollectForAllocation

Events (20 events):
Event: 1.883 Thread 0x000002cd7d65c210 flushing nmethod 0x000002cd0801ab90
Event: 1.883 Thread 0x000002cd7d65c210 flushing nmethod 0x000002cd08004890
Event: 1.883 Thread 0x000002cd7d65c210 flushing nmethod 0x000002cd07ff8b90
Event: 1.943 Thread 0x000002cd7d5a0050 Thread exited: 0x000002cd7d5a0050
Event: 2.205 Thread 0x000002cd7d65c210 flushing nmethod 0x000002cd0fb1c710
Event: 2.639 Thread 0x000002cd7d65c210 flushing nmethod 0x000002cd081fab10
Event: 2.639 Thread 0x000002cd7d65c210 flushing nmethod 0x000002cd081fa610
Event: 2.639 Thread 0x000002cd7d65c210 flushing nmethod 0x000002cd081f9f90
Event: 2.639 Thread 0x000002cd7d65c210 flushing nmethod 0x000002cd081f8d10
Event: 2.639 Thread 0x000002cd7d65c210 flushing nmethod 0x000002cd081f8190
Event: 2.639 Thread 0x000002cd7d65c210 flushing nmethod 0x000002cd081f7c10
Event: 2.639 Thread 0x000002cd7d65c210 flushing nmethod 0x000002cd081f6f90
Event: 2.640 Thread 0x000002cd7d65c210 flushing nmethod 0x000002cd081f5390
Event: 2.640 Thread 0x000002cd7d65c210 flushing nmethod 0x000002cd081f4e90
Event: 2.640 Thread 0x000002cd7d65c210 flushing nmethod 0x000002cd081f4290
Event: 2.640 Thread 0x000002cd7d65c210 flushing nmethod 0x000002cd081f3210
Event: 2.640 Thread 0x000002cd7d65c210 flushing nmethod 0x000002cd081f2910
Event: 3.718 Thread 0x000002cd7d65c210 flushing nmethod 0x000002cd08015910
Event: 3.718 Thread 0x000002cd7d65c210 flushing nmethod 0x000002cd08014c10
Event: 3.826 Thread 0x000002cd7d59e480 Thread added: 0x000002cd7d59e480


Dynamic libraries:
0x00007ff738bd0000 - 0x00007ff738bea000 	C:\Users\hjcho\AppData\Local\Programs\Python\Python312\python.exe
0x00007ffba3870000 - 0x00007ffba3a68000 	C:\WINDOWS\SYSTEM32\ntdll.dll
0x00007ffba29e0000 - 0x00007ffba2aa2000 	C:\WINDOWS\System32\KERNEL32.DLL
0x00007ffba14b0000 - 0x00007ffba17af000 	C:\WINDOWS\System32\KERNELBASE.dll
0x00007ffba0f30000 - 0x00007ffba1030000 	C:\WINDOWS\System32\ucrtbase.dll
0x00007ffb9e540000 - 0x00007ffb9e55d000 	C:\Users\hjcho\AppData\Local\Programs\Python\Python312\VCRUNTIME140.dll
0x00007ffb586e0000 - 0x00007ffb58d89000 	C:\Users\hjcho\AppData\Local\Programs\Python\Python312\python312.dll
0x00007ffba30c0000 - 0x00007ffba312b000 	C:\WINDOWS\System32\WS2_32.dll
0x00007ffba1970000 - 0x00007ffba1a93000 	C:\WINDOWS\System32\RPCRT4.dll
0x00007ffb94ae0000 - 0x00007ffb94aea000 	C:\WINDOWS\SYSTEM32\VERSION.dll
0x00007ffba17b0000 - 0x00007ffba17d7000 	C:\WINDOWS\System32\bcrypt.dll
0x00007ffba3000000 - 0x00007ffba30b1000 	C:\WINDOWS\System32\ADVAPI32.dll
0x00007ffba3130000 - 0x00007ffba31ce000 	C:\WINDOWS\System32\msvcrt.dll
0x00007ffba2940000 - 0x00007ffba29df000 	C:\WINDOWS\System32\sechost.dll
0x00007ffba13b0000 - 0x00007ffba1432000 	C:\WINDOWS\System32\bcryptprimitives.dll
0x000002cd6d070000 - 0x000002cd6d07f000 	C:\Users\hjcho\AppData\Local\Programs\Python\Python312\python3.DLL
0x00007ffb8fcb0000 - 0x00007ffb8fcc1000 	C:\Users\hjcho\AppData\Local\Programs\Python\Python312\DLLs\_hashlib.pyd
0x00007ffb581e0000 - 0x00007ffb586d9000 	C:\Users\hjcho\AppData\Local\Programs\Python\Python312\DLLs\libcrypto-3.dll
0x00007ffba27a0000 - 0x00007ffba293d000 	C:\WINDOWS\System32\USER32.dll
0x00007ffba0f00000 - 0x00007ffba0f22000 	C:\WINDOWS\System32\win32u.dll
0x00007ffba2770000 - 0x00007ffba279b000 	C:\WINDOWS\System32\GDI32.dll
0x00007ffba1190000 - 0x00007ffba12a7000 	C:\WINDOWS\System32\gdi32full.dll
0x00007ffba17e0000 - 0x00007ffba187d000 	C:\WINDOWS\System32\msvcp_win.dll
0x00007ffba1aa0000 - 0x00007ffba1acf000 	C:\WINDOWS\System32\IMM32.DLL
0x00007ffb9b660000 - 0x00007ffb9b676000 	C:\Users\hjcho\AppData\Local\Programs\Python\Python312\DLLs\_bz2.pyd
0x00007ffb998f0000 - 0x00007ffb99919000 	C:\Users\hjcho\AppData\Local\Programs\Python\Python312\DLLs\_lzma.pyd
0x00007ffb998d0000 - 0x00007ffb998e6000 	C:\Users\hjcho\AppData\Local\Programs\Python\Python312\DLLs\_socket.pyd
0x00007ffba02c0000 - 0x00007ffba02fb000 	C:\WINDOWS\SYSTEM32\IPHLPAPI.DLL
0x00007ffb9d4a0000 - 0x00007ffb9d4a9000 	C:\Users\hjcho\AppData\Local\Programs\Python\Python312\DLLs\select.pyd
0x00007ffb90500000 - 0x00007ffb9052d000 	C:\Users\hjcho\AppData\Local\Programs\Python\Python312\DLLs\_ssl.pyd
0x00007ffba1030000 - 0x00007ffba118c000 	C:\WINDOWS\System32\CRYPT32.dll
0x00007ffb86ac0000 - 0x00007ffb86b82000 	C:\Users\hjcho\AppData\Local\Programs\Python\Python312\DLLs\libssl-3.dll
0x00007ffb83c20000 - 0x00007ffb83c97000 	C:\Users\hjcho\Desktop\dream\ai\myenv\Lib\site-packages\_jpype.cp312-win_amd64.pyd
0x00007ffb9d4b0000 - 0x00007ffb9d4bc000 	C:\Users\hjcho\AppData\Local\Programs\Python\Python312\VCRUNTIME140_1.dll
0x00007ffb89440000 - 0x00007ffb894cd000 	C:\WINDOWS\SYSTEM32\MSVCP140.dll
0x00007ffb926e0000 - 0x00007ffb9271e000 	C:\Users\hjcho\AppData\Local\Programs\Python\Python312\DLLs\_decimal.pyd
0x00007ffb9d520000 - 0x00007ffb9d52b000 	C:\Users\hjcho\Desktop\dream\ai\myenv\Lib\site-packages\sklearn\__check_build\_check_build.cp312-win_amd64.pyd
0x00007ffb90820000 - 0x00007ffb90840000 	C:\Users\hjcho\AppData\Local\Programs\Python\Python312\DLLs\_ctypes.pyd
0x00007ffba33f0000 - 0x00007ffba351b000 	C:\WINDOWS\System32\ole32.dll
0x00007ffba2bf0000 - 0x00007ffba2f45000 	C:\WINDOWS\System32\combase.dll
0x00007ffb9d410000 - 0x00007ffb9d41b000 	C:\Users\hjcho\AppData\Local\Programs\Python\Python312\DLLs\libffi-8.dll
0x00007ffba3530000 - 0x00007ffba35fd000 	C:\WINDOWS\System32\OLEAUT32.dll
0x00007ffb86a90000 - 0x00007ffb86ac0000 	C:\Users\hjcho\Desktop\dream\ai\myenv\Lib\site-packages\sklearn\.libs\vcomp140.dll
0x00007ffb83b90000 - 0x00007ffb83c18000 	C:\Users\hjcho\Desktop\dream\ai\myenv\Lib\site-packages\sklearn\.libs\msvcp140.dll
0x00007ffb9d4f0000 - 0x00007ffb9d4fa000 	C:\Users\hjcho\AppData\Local\Programs\Python\Python312\DLLs\_wmi.pyd
0x00007ffb9c180000 - 0x00007ffb9c276000 	C:\WINDOWS\SYSTEM32\PROPSYS.dll
0x00007ffb57580000 - 0x00007ffb579df000 	C:\Users\hjcho\Desktop\dream\ai\myenv\Lib\site-packages\numpy\_core\_multiarray_umath.cp312-win_amd64.pyd
0x00007ffb83b00000 - 0x00007ffb83b8d000 	C:\Users\hjcho\Desktop\dream\ai\myenv\Lib\site-packages\numpy.libs\msvcp140-263139962577ecda4cd9469ca360a746.dll
0x00007ffb43170000 - 0x00007ffb444eb000 	C:\Users\hjcho\Desktop\dream\ai\myenv\Lib\site-packages\numpy.libs\libscipy_openblas64_-13e2df515630b4a41f92893938845698.dll
0x00007ffb871a0000 - 0x00007ffb871be000 	C:\Users\hjcho\Desktop\dream\ai\myenv\Lib\site-packages\numpy\linalg\_umath_linalg.cp312-win_amd64.pyd
0x00007ffb85d30000 - 0x00007ffb85d54000 	C:\Users\hjcho\Desktop\dream\ai\myenv\Lib\site-packages\scipy\_lib\_ccallback_c.cp312-win_amd64.pyd
0x00007ffb83ab0000 - 0x00007ffb83af8000 	C:\Users\hjcho\Desktop\dream\ai\myenv\Lib\site-packages\numpy\fft\_pocketfft_umath.cp312-win_amd64.pyd
0x00007ffb9ed60000 - 0x00007ffb9ed72000 	C:\WINDOWS\SYSTEM32\kernel.appcore.dll
0x00007ffb9e850000 - 0x00007ffb9e8ee000 	C:\WINDOWS\system32\uxtheme.dll
0x00007ffba2f50000 - 0x00007ffba2ff9000 	C:\WINDOWS\System32\clbcatq.dll
0x00007ffb95790000 - 0x00007ffb957af000 	C:\WINDOWS\SYSTEM32\amsi.dll
0x00007ffba0df0000 - 0x00007ffba0e1e000 	C:\WINDOWS\SYSTEM32\USERENV.dll
0x00007ffba0e30000 - 0x00007ffba0e54000 	C:\WINDOWS\SYSTEM32\profapi.dll
0x00007ffb956f0000 - 0x00007ffb9578b000 	C:\ProgramData\Microsoft\Windows Defender\Platform\4.18.25050.5-0\MpOav.dll
0x00007ffb853c0000 - 0x00007ffb853f6000 	C:\Users\hjcho\Desktop\dream\ai\myenv\Lib\site-packages\numpy\random\_bounded_integers.cp312-win_amd64.pyd
0x00007ffb850a0000 - 0x00007ffb850cd000 	C:\Users\hjcho\Desktop\dream\ai\myenv\Lib\site-packages\numpy\random\bit_generator.cp312-win_amd64.pyd
0x00007ffb84b40000 - 0x00007ffb84b6c000 	C:\Users\hjcho\Desktop\dream\ai\myenv\Lib\site-packages\numpy\random\_common.cp312-win_amd64.pyd
0x00007ffb838d0000 - 0x00007ffb83985000 	C:\Users\hjcho\Desktop\dream\ai\myenv\Lib\site-packages\numpy\random\_generator.cp312-win_amd64.pyd
0x00007ffb86a10000 - 0x00007ffb86a2c000 	C:\Users\hjcho\Desktop\dream\ai\myenv\Lib\site-packages\numpy\random\_pcg64.cp312-win_amd64.pyd
0x00007ffb85d10000 - 0x00007ffb85d29000 	C:\Users\hjcho\Desktop\dream\ai\myenv\Lib\site-packages\numpy\random\_mt19937.cp312-win_amd64.pyd
0x00007ffb85bd0000 - 0x00007ffb85be8000 	C:\Users\hjcho\Desktop\dream\ai\myenv\Lib\site-packages\numpy\random\_philox.cp312-win_amd64.pyd
0x00007ffb84650000 - 0x00007ffb84663000 	C:\Users\hjcho\Desktop\dream\ai\myenv\Lib\site-packages\numpy\random\_sfc64.cp312-win_amd64.pyd
0x00007ffb833e0000 - 0x00007ffb83479000 	C:\Users\hjcho\Desktop\dream\ai\myenv\Lib\site-packages\numpy\random\mtrand.cp312-win_amd64.pyd
0x00007ffb42d50000 - 0x00007ffb4316b000 	C:\Users\hjcho\Desktop\dream\ai\myenv\Lib\site-packages\scipy\sparse\_sparsetools.cp312-win_amd64.pyd
0x00007ffb83100000 - 0x00007ffb831be000 	C:\Users\hjcho\Desktop\dream\ai\myenv\Lib\site-packages\scipy\sparse\_csparsetools.cp312-win_amd64.pyd
0x00007ffb7f700000 - 0x00007ffb7f7b5000 	C:\Users\hjcho\Desktop\dream\ai\myenv\Lib\site-packages\scipy\linalg\_fblas.cp312-win_amd64.pyd
0x00007ffb3fd80000 - 0x00007ffb410c2000 	C:\Users\hjcho\Desktop\dream\ai\myenv\Lib\site-packages\scipy.libs\libscipy_openblas-f07f5a5d207a3a47104dca54d6d0c86a.dll
0x00007ffb7f1b0000 - 0x00007ffb7f3ad000 	C:\Users\hjcho\Desktop\dream\ai\myenv\Lib\site-packages\scipy\linalg\_flapack.cp312-win_amd64.pyd
0x00007ffb83060000 - 0x00007ffb830f3000 	C:\Users\hjcho\Desktop\dream\ai\myenv\Lib\site-packages\scipy\linalg\_cythonized_array_utils.cp312-win_amd64.pyd
0x00007ffb82500000 - 0x00007ffb82588000 	C:\Users\hjcho\Desktop\dream\ai\myenv\Lib\site-packages\scipy\linalg\cython_lapack.cp312-win_amd64.pyd
0x00007ffb83880000 - 0x00007ffb838cb000 	C:\Users\hjcho\Desktop\dream\ai\myenv\Lib\site-packages\scipy\linalg\_solve_toeplitz.cp312-win_amd64.pyd
0x00007ffb81110000 - 0x00007ffb81155000 	C:\Users\hjcho\Desktop\dream\ai\myenv\Lib\site-packages\scipy\linalg\_decomp_lu_cython.cp312-win_amd64.pyd
0x00007ffb80c40000 - 0x00007ffb80c86000 	C:\Users\hjcho\Desktop\dream\ai\myenv\Lib\site-packages\scipy\linalg\_matfuncs_sqrtm_triu.cp312-win_amd64.pyd
0x00007ffb80b40000 - 0x00007ffb80b81000 	C:\Users\hjcho\Desktop\dream\ai\myenv\Lib\site-packages\scipy\linalg\_matfuncs_expm.cp312-win_amd64.pyd
0x00007ffb7f3f0000 - 0x00007ffb7f4fa000 	C:\Users\hjcho\Desktop\dream\ai\myenv\Lib\site-packages\scipy\linalg\_linalg_pythran.cp312-win_amd64.pyd
0x00007ffb7f150000 - 0x00007ffb7f1a9000 	C:\Users\hjcho\Desktop\dream\ai\myenv\Lib\site-packages\scipy\linalg\_decomp_update.cp312-win_amd64.pyd
0x00007ffb80af0000 - 0x00007ffb80b3c000 	C:\Users\hjcho\Desktop\dream\ai\myenv\Lib\site-packages\scipy\linalg\cython_blas.cp312-win_amd64.pyd
0x00007ffb7f0c0000 - 0x00007ffb7f14c000 	C:\Users\hjcho\Desktop\dream\ai\myenv\Lib\site-packages\scipy\sparse\linalg\_dsolve\_superlu.cp312-win_amd64.pyd
0x00007ffb71ec0000 - 0x00007ffb71faa000 	C:\Users\hjcho\Desktop\dream\ai\myenv\Lib\site-packages\scipy\sparse\linalg\_eigen\arpack\_arpack.cp312-win_amd64.pyd
0x00007ffb71e20000 - 0x00007ffb71eb5000 	C:\Users\hjcho\Desktop\dream\ai\myenv\Lib\site-packages\scipy\sparse\linalg\_propack\_spropack.cp312-win_amd64.pyd
0x00007ffb71810000 - 0x00007ffb718a4000 	C:\Users\hjcho\Desktop\dream\ai\myenv\Lib\site-packages\scipy\sparse\linalg\_propack\_dpropack.cp312-win_amd64.pyd
0x00007ffb707c0000 - 0x00007ffb70877000 	C:\Users\hjcho\Desktop\dream\ai\myenv\Lib\site-packages\scipy\sparse\linalg\_propack\_cpropack.cp312-win_amd64.pyd
0x00007ffb706f0000 - 0x00007ffb707c0000 	C:\Users\hjcho\Desktop\dream\ai\myenv\Lib\site-packages\scipy\sparse\linalg\_propack\_zpropack.cp312-win_amd64.pyd
0x00007ffb7f030000 - 0x00007ffb7f0b6000 	C:\Users\hjcho\Desktop\dream\ai\myenv\Lib\site-packages\scipy\sparse\csgraph\_shortest_path.cp312-win_amd64.pyd
0x00007ffb80c00000 - 0x00007ffb80c33000 	C:\Users\hjcho\Desktop\dream\ai\myenv\Lib\site-packages\scipy\sparse\csgraph\_tools.cp312-win_amd64.pyd
0x00007ffb70650000 - 0x00007ffb706ed000 	C:\Users\hjcho\Desktop\dream\ai\myenv\Lib\site-packages\scipy\sparse\csgraph\_traversal.cp312-win_amd64.pyd
0x00007ffb76150000 - 0x00007ffb76194000 	C:\Users\hjcho\Desktop\dream\ai\myenv\Lib\site-packages\scipy\sparse\csgraph\_min_spanning_tree.cp312-win_amd64.pyd
0x00007ffb71dc0000 - 0x00007ffb71e15000 	C:\Users\hjcho\Desktop\dream\ai\myenv\Lib\site-packages\scipy\sparse\csgraph\_flow.cp312-win_amd64.pyd
0x00007ffb717b0000 - 0x00007ffb71806000 	C:\Users\hjcho\Desktop\dream\ai\myenv\Lib\site-packages\scipy\sparse\csgraph\_matching.cp312-win_amd64.pyd
0x00007ffb71740000 - 0x00007ffb71790000 	C:\Users\hjcho\Desktop\dream\ai\myenv\Lib\site-packages\scipy\sparse\csgraph\_reordering.cp312-win_amd64.pyd
0x00007ffb998c0000 - 0x00007ffb998ca000 	C:\Users\hjcho\AppData\Local\Programs\Python\Python312\DLLs\_multiprocessing.pyd
0x00007ffb9bdd0000 - 0x00007ffb9bdd9000 	C:\Users\hjcho\AppData\Local\Programs\Python\Python312\DLLs\_queue.pyd
0x00007ffb9c150000 - 0x00007ffb9c157000 	C:\Users\hjcho\AppData\Local\Programs\Python\Python312\DLLs\_uuid.pyd
0x00007ffb90760000 - 0x00007ffb90772000 	C:\Users\hjcho\AppData\Local\Programs\Python\Python312\DLLs\_asyncio.pyd
0x00007ffb9bbd0000 - 0x00007ffb9bbde000 	C:\Users\hjcho\AppData\Local\Programs\Python\Python312\DLLs\_overlapped.pyd
0x00007ffba0630000 - 0x00007ffba069a000 	C:\WINDOWS\system32\mswsock.dll
0x00007ffb81270000 - 0x00007ffb81293000 	C:\Users\hjcho\Desktop\dream\ai\myenv\Lib\site-packages\scipy\special\libsf_error_state.dll
0x00007ffb5b8e0000 - 0x00007ffb5ba58000 	C:\Users\hjcho\Desktop\dream\ai\myenv\Lib\site-packages\scipy\special\_ufuncs.cp312-win_amd64.pyd
0x00007ffb5a9a0000 - 0x00007ffb5abed000 	C:\Users\hjcho\Desktop\dream\ai\myenv\Lib\site-packages\scipy\special\_ufuncs_cxx.cp312-win_amd64.pyd
0x00007ffb3fb60000 - 0x00007ffb3fd7f000 	C:\Users\hjcho\Desktop\dream\ai\myenv\Lib\site-packages\scipy\special\_special_ufuncs.cp312-win_amd64.pyd
0x00007ffb58060000 - 0x00007ffb581d8000 	C:\Users\hjcho\Desktop\dream\ai\myenv\Lib\site-packages\scipy\special\_gufuncs.cp312-win_amd64.pyd
0x00007ffb705f0000 - 0x00007ffb7064c000 	C:\Users\hjcho\Desktop\dream\ai\myenv\Lib\site-packages\scipy\special\_specfun.cp312-win_amd64.pyd
0x00007ffb81200000 - 0x00007ffb81215000 	C:\Users\hjcho\Desktop\dream\ai\myenv\Lib\site-packages\scipy\special\_comb.cp312-win_amd64.pyd
0x00007ffb80a20000 - 0x00007ffb80a44000 	C:\Users\hjcho\Desktop\dream\ai\myenv\Lib\site-packages\scipy\special\_ellip_harm_2.cp312-win_amd64.pyd
0x00007ffb573d0000 - 0x00007ffb57576000 	C:\Users\hjcho\Desktop\dream\ai\myenv\Lib\site-packages\scipy\spatial\_ckdtree.cp312-win_amd64.pyd
0x00007ffb5a880000 - 0x00007ffb5a992000 	C:\Users\hjcho\Desktop\dream\ai\myenv\Lib\site-packages\scipy\spatial\_qhull.cp312-win_amd64.pyd
0x00007ffb7f580000 - 0x00007ffb7f598000 	C:\Users\hjcho\Desktop\dream\ai\myenv\Lib\site-packages\scipy\_lib\messagestream.cp312-win_amd64.pyd
0x00007ffb7f530000 - 0x00007ffb7f56d000 	C:\Users\hjcho\Desktop\dream\ai\myenv\Lib\site-packages\scipy\spatial\_voronoi.cp312-win_amd64.pyd
0x00007ffb705c0000 - 0x00007ffb705e3000 	C:\Users\hjcho\Desktop\dream\ai\myenv\Lib\site-packages\scipy\spatial\_distance_wrap.cp312-win_amd64.pyd
0x00007ffb5b8a0000 - 0x00007ffb5b8df000 	C:\Users\hjcho\Desktop\dream\ai\myenv\Lib\site-packages\scipy\spatial\_hausdorff.cp312-win_amd64.pyd
0x00007ffb3fa00000 - 0x00007ffb3fb5b000 	C:\Users\hjcho\Desktop\dream\ai\myenv\Lib\site-packages\scipy\spatial\_distance_pybind.cp312-win_amd64.pyd
0x00007ffb5b090000 - 0x00007ffb5b17e000 	C:\Users\hjcho\Desktop\dream\ai\myenv\Lib\site-packages\scipy\spatial\transform\_rotation.cp312-win_amd64.pyd
0x00007ffb3f8f0000 - 0x00007ffb3f9f3000 	C:\Users\hjcho\Desktop\dream\ai\myenv\Lib\site-packages\scipy\optimize\_group_columns.cp312-win_amd64.pyd
0x00007ffb58f00000 - 0x00007ffb58f5b000 	C:\Users\hjcho\Desktop\dream\ai\myenv\Lib\site-packages\scipy\optimize\_trlib\_trlib.cp312-win_amd64.pyd
0x00007ffb5b1a0000 - 0x00007ffb5b1d1000 	C:\Users\hjcho\Desktop\dream\ai\myenv\Lib\site-packages\scipy\optimize\_lbfgsb.cp312-win_amd64.pyd
0x00007ffb70110000 - 0x00007ffb7013f000 	C:\Users\hjcho\Desktop\dream\ai\myenv\Lib\site-packages\scipy\optimize\_moduleTNC.cp312-win_amd64.pyd
0x00007ffb57ff0000 - 0x00007ffb5805e000 	C:\Users\hjcho\Desktop\dream\ai\myenv\Lib\site-packages\scipy\optimize\_cobyla.cp312-win_amd64.pyd
0x00007ffb5a850000 - 0x00007ffb5a872000 	C:\Users\hjcho\Desktop\dream\ai\myenv\Lib\site-packages\scipy\optimize\_slsqp.cp312-win_amd64.pyd
0x00007ffb58ed0000 - 0x00007ffb58ef6000 	C:\Users\hjcho\Desktop\dream\ai\myenv\Lib\site-packages\scipy\optimize\_minpack.cp312-win_amd64.pyd
0x00007ffb44cc0000 - 0x00007ffb44cfb000 	C:\Users\hjcho\Desktop\dream\ai\myenv\Lib\site-packages\scipy\optimize\_lsq\givens_elimination.cp312-win_amd64.pyd
0x00007ffb98470000 - 0x00007ffb9847e000 	C:\Users\hjcho\Desktop\dream\ai\myenv\Lib\site-packages\scipy\optimize\_zeros.cp312-win_amd64.pyd
0x00007ffb7f3d0000 - 0x00007ffb7f3f0000 	C:\Users\hjcho\Desktop\dream\ai\myenv\Lib\site-packages\scipy\optimize\_cython_nnls.cp312-win_amd64.pyd
0x00007ffb3f350000 - 0x00007ffb3f8ed000 	C:\Users\hjcho\Desktop\dream\ai\myenv\Lib\site-packages\scipy\optimize\_highspy\_core.cp312-win_amd64.pyd

dbghelp: loaded successfully - version: 4.0.5 - missing functions: none
symbol engine: initialized successfully - sym options: 0x614 - pdb path: .;C:\Users\hjcho\AppData\Local\Programs\Python\Python312;C:\WINDOWS\SYSTEM32;C:\Users\hjcho\AppData\Local\Programs\Python\Python312\DLLs;C:\Users\hjcho\Desktop\dream\ai\myenv\Lib\site-packages;C:\Users\hjcho\Desktop\dream\ai\myenv\Lib\site-packages\sklearn\__check_build;C:\Users\hjcho\Desktop\dream\ai\myenv\Lib\site-packages\sklearn\.libs;C:\Users\hjcho\Desktop\dream\ai\myenv\Lib\site-packages\numpy\_core;C:\Users\hjcho\Desktop\dream\ai\myenv\Lib\site-packages\numpy.libs;C:\Users\hjcho\Desktop\dream\ai\myenv\Lib\site-packages\numpy\linalg;C:\Users\hjcho\Desktop\dream\ai\myenv\Lib\site-packages\scipy\_lib;C:\Users\hjcho\Desktop\dream\ai\myenv\Lib\site-packages\numpy\fft;C:\ProgramData\Microsoft\Windows Defender\Platform\4.18.25050.5-0;C:\Users\hjcho\Desktop\dream\ai\myenv\Lib\site-packages\numpy\random;C:\Users\hjcho\Desktop\dream\ai\myenv\Lib\site-packages\scipy\sparse;C:\Users\hjcho\Desktop\dream\ai\myenv\Lib\site-packages\scipy\linalg;C:\Users\hjcho\Desktop\dream\ai\myenv\Lib\site-packages\scipy.libs;C:\Users\hjcho\Desktop\dream\ai\myenv\Lib\site-packages\scipy\sparse\linalg\_dsolve;C:\Users\hjcho\Desktop\dream\ai\myenv\Lib\site-packages\scipy\sparse\linalg\_eigen\arpack;C:\Users\hjcho\Desktop\dream\ai\myenv\Lib\site-packages\scipy\sparse\linalg\_propack;C:\Users\hjcho\Desktop\dream\ai\myenv\Lib\site-packages\scipy\sparse\csgraph;C:\Users\hjcho\Desktop\dream\ai\myenv\Lib\site-packages\scipy\special;C:\Users\hjcho\Desktop\dream\ai\myenv\Lib\site-packages\scipy\spatial;C:\Users\hjcho\Desktop\dream\ai\myenv\Lib\site-packages\scipy\spatial\transform;C:\Users\hjcho\Desktop\dream\ai\myenv\Lib\site-packages\scipy\optimize;C:\Users\hjcho\Desktop\dream\ai\myenv\Lib\site-packages\scipy\optimize\_trlib;C:\Users\hjcho\Desktop\dream\ai\myenv\Lib\site-packages\scipy\optimize\_lsq;C:\Users\hjcho\Desktop\dream\ai\myenv\Lib\site-packages\scipy\optimize\_highspy;C:\Users\hjcho\Desktop\dream\ai\myenv\Lib\site-packages\scipy\_lib\_uarray;C:\Users\hjcho\Desktop\dream\ai\myenv\Lib\site-packages\scipy\fft\_pocketfft;C:\Users\hjcho\Desktop\dream\ai\myenv\Lib\site-packages\scipy\integrate;C:\Users\hjcho\Desktop\dream\ai\myenv\Lib\site-packages\scipy\interpolate;C:\Users\hjcho\Desktop\dream\ai\myenv\Lib\site-packages\scipy\stats;C:\Users\hjcho\Desktop\dream\ai\myenv\Lib\site-packages\scipy\stats\_levy_stable;C:\Users\hjcho\Desktop\dream\ai\myenv\Lib\site-packages\scipy\stats\_rcont;C:\Users\hjcho\Desktop\dream\ai\myenv\Lib\site-packages\scipy\ndimage;C:\Users\hjcho\Desktop\dream\ai\myenv\Lib\site-packages\sklearn\utils;C:\Users\hjcho\Desktop\dream\ai\myenv\Lib\site-packages\sklearn\preprocessing;C:\Users\hjcho\Desktop\dream\ai\myenv\Lib\site-packages\sklearn\metrics\cluster;C:\Users\hjcho\Desktop\dream\ai\myenv\Lib\site-packages\sklearn\metrics;C:\Users\hjcho\Desktop\dream\ai\myenv\Lib\site-packages\sklearn\metrics\_pairwise_distances_reduction;C:\Users\hjcho\Desktop\dream\ai\myenv\Lib\site-packages\sklearn\linear_model;C:\Users\hjcho\Desktop\dream\ai\myenv\Lib\site-packages\sklearn\_loss;C:\Users\hjcho\Desktop\dream\ai\myenv\Lib\site-packages\sklearn\svm;C:\Users\hjcho\Desktop\dream\ai\myenv\Lib\site-packages\sklearn\feature_extraction;C:\Program Files\OpenJDK\jdk-20.0.1\bin\server;C:\Program Files\OpenJDK\jdk-20.0.1\bin

VM Arguments:
jvm_args: -Dfile.encoding=UTF8 -ea -Xmx2000000m 
java_command: <unknown>
java_class_path (initial): C:\Users\hjcho\Desktop\dream\ai\myenv\Lib\site-packages\konlpy\java;C:\Users\hjcho\Desktop\dream\ai\myenv\Lib\site-packages\konlpy\java\bin;C:\Users\hjcho\Desktop\dream\ai\myenv\Lib\site-packages\konlpy\java\aho-corasick.jar;C:\Users\hjcho\Desktop\dream\ai\myenv\Lib\site-packages\konlpy\java\jhannanum-0.8.4.jar;C:\Users\hjcho\Desktop\dream\ai\myenv\Lib\site-packages\konlpy\java\kkma-2.0.jar;C:\Users\hjcho\Desktop\dream\ai\myenv\Lib\site-packages\konlpy\java\komoran-3.0.jar;C:\Users\hjcho\Desktop\dream\ai\myenv\Lib\site-packages\konlpy\java\open-korean-text-2.1.0.jar;C:\Users\hjcho\Desktop\dream\ai\myenv\Lib\site-packages\konlpy\java\scala-library-2.12.3.jar;C:\Users\hjcho\Desktop\dream\ai\myenv\Lib\site-packages\konlpy\java\shineware-common-1.0.jar;C:\Users\hjcho\Desktop\dream\ai\myenv\Lib\site-packages\konlpy\java\shineware-ds-1.0.jar;C:\Users\hjcho\Desktop\dream\ai\myenv\Lib\site-packages\konlpy\java\snakeyaml-1.12.jar;C:\Users\hjcho\Desktop\dream\ai\myenv\Lib\site-packages\konlpy\java\twitter-text-1.14.7.jar;C:\Users\hjcho\Desktop\dream\ai\myenv\Lib\site-packages\konlpy\java\jhannanum-0.8.4.jar;C:\Users\hjcho\Desktop\dream\ai\myenv\Lib\site-packages\konlpy\java\kkma-2.0.jar;C:\Users\hjcho\Desktop\dream\ai\myenv\Lib\site-packages\konlpy\java\aho-corasick.jar;C:\Users\hjcho\Desktop\dream\ai\myenv\Lib\site-packages\konlpy\java\shineware-common-1.0.jar;C:\Users\hjcho\Desktop\dream\ai\myenv\Lib\site-packages\konlpy\java\shineware-ds-1.0.jar;C:\Users\hjcho\Desktop\dream\ai\myenv\Lib\site-packages\konlpy\java\komoran-3.0.jar;C:\Users\hjcho\Desktop\dream\ai\myenv\Lib\site-packages\konlpy\java\snakeyaml-1.12.jar;C:\Users\hjcho\Desktop\dream\ai\myenv\Lib\site-packages\konlpy\java\scala-library-2.12.3.jar;C:\Users\hjcho\Desktop\dream\ai\myenv\Lib\site-packages\konlpy\java\open-korean-text-2.1.0.jar;C:\Users\hjcho\Desktop\dream\ai\myenv\Lib\site-packages\konlpy\java\twitter-text-1.14.7.jar;C:\Users\hjcho\Desktop\dream\ai\myenv\Lib\site-packages\konlpy\java\aho-corasick.jar;C:\Users\hjcho\Desktop\dream\ai\myenv\Lib\site-packages\konlpy\java\jhannanum-0.8.4.jar;C:\Users\hjcho\Desktop\dream\ai\myenv\Lib\site-packages\konlpy\java\kkma-2.0.jar;C:\Users\hjcho\Desktop\dream\ai\myenv\Lib\site-packages\konlpy\java\komoran-3.0.jar;C:\Users\hjcho\Desktop\dream\ai\myenv\Lib\site-packages\konlpy\java\open-korean-text-2.1.0.jar;C:\Users\hjcho\Desktop\dream\ai\myenv\Lib\site-packages\konlpy\java\scala-library-2.12.3.jar;C:\Users\hjcho\Desktop\dream\ai\myenv\Lib\site-packages\konlpy\java\shineware-common-1.0.jar;C:\Users\hjcho\Desktop\dream\ai\myenv\Lib\site-packages\konlpy\java\shineware-ds-1.0.jar;C:\Users\hjcho\Desktop\dream\ai\myenv\Lib\site-packages\konlpy\java\snakeyaml-1.12.jar;C:\Users\hjcho\Desktop\dream\ai\myenv\Lib\site-packages\konlpy\java\twitter-text-1.14.7.jar;C:\Users\hjcho\Desktop\dream\ai\myenv\Lib\site-packages\org.jpype.jar
Launcher Type: generic

[Global flags]
     intx CICompilerCount                          = 3                                         {product} {ergonomic}
     uint ConcGCThreads                            = 1                                         {product} {ergonomic}
     uint G1ConcRefinementThreads                  = 4                                         {product} {ergonomic}
   size_t G1HeapRegionSize                         = 33554432                                  {product} {ergonomic}
    uintx GCDrainStackTargetSize                   = 64                                        {product} {ergonomic}
   size_t InitialHeapSize                          = 268435456                                 {product} {ergonomic}
   size_t MarkStackSize                            = 4194304                                   {product} {ergonomic}
   size_t MaxHeapSize                              = 2097152000000                             {product} {command line}
   size_t MaxNewSize                               = 1258291200000                             {product} {ergonomic}
   size_t MinHeapDeltaBytes                        = 33554432                                  {product} {ergonomic}
   size_t MinHeapSize                              = 33554432                                  {product} {ergonomic}
    uintx NonNMethodCodeHeapSize                   = 5832780                                {pd product} {ergonomic}
    uintx NonProfiledCodeHeapSize                  = 122912730                              {pd product} {ergonomic}
    uintx ProfiledCodeHeapSize                     = 122912730                              {pd product} {ergonomic}
    uintx ReservedCodeCacheSize                    = 251658240                              {pd product} {ergonomic}
     bool SegmentedCodeCache                       = true                                      {product} {ergonomic}
   size_t SoftMaxHeapSize                          = 2097152000000                          {manageable} {ergonomic}
     bool UseCompressedClassPointers               = true                           {product lp64_product} {ergonomic}
     bool UseG1GC                                  = true                                      {product} {ergonomic}
     bool UseLargePagesIndividualAllocation        = false                                  {pd product} {ergonomic}

Logging:
Log output configuration:
 #0: stdout all=warning uptime,level,tags foldmultilines=false
 #1: stderr all=off uptime,level,tags foldmultilines=false

Environment Variables:
JAVA_HOME=C:\Program Files\OpenJDK\jdk-20.0.1
PATH=C:\Users\hjcho\Desktop\dream\ai\myenv\Scripts;C:\Users\hjcho\AppData\Local\Programs\Python\Python312\Scripts\;C:\Users\hjcho\AppData\Local\Programs\Python\Python312\;C:\Python311\Scripts;C:\Python311;C:\Users\hjcho\AppData\Local\Programs\Python\Python310\Script;C:\Users\hjcho\AppData\Local\Programs\Python\Python310;C:\Users\hjcho\AppData\Local\Pub\Cache\bin;C:\Firebase_cli;C:\Program Files\Eclipse Foundation\jdk-8.0.302.8-hotspot\bin\;C:\Program Files (x86)\Common Files\Oracle\Java\javapath\;C:\WINDOWS\system32\;C:\WINDOWS\;C:\WINDOWS\System32\Wbem\;C:\WINDOWS\System32\WindowsPowerShell\v1.0\;C:\WINDOWS\System32\OpenSSH\;C:\Program Files\dotnet\;C:\Users\hjcho\AppData\Local\Programs\Python\Python37-32\Scripts\;"JAVA_HOME%\bin;";C:\Program Files\Java\jdk1.8.0_351\bin;C:\ProgramData\chocolatey\bin;C:\Program Files\OpenJDK\jdk-20.0.1\bin\;C:\Users\hjcho\AppData\Roaming\nvm;C:\Windows\nodejs;C:\Program Files\OpenJDK\jdk-20.0.1\bin;C:\MinGW\bin;C:\Program Files\Git LFS;C:\WINDOWS\system32;C:\WINDOWS;C:\WINDOWS\System32\Wbem;C:\WINDOWS\System32\WindowsPowerShell\v1.0\;C:\WINDOWS\System32\OpenSSH\;C:\Program Files\OpenJDK\jdk-20.0.1;C:\Program Files\Git\cmd;C:\Users\hjcho\AppData\Local\Programs\Python\Python312\Scripts;C:\Users\hjcho\AppData\Local\Programs\Microsoft VS Code\bin;C:\Users\hjcho\.dotnet\tools;C:\Users\hjcho\AppData\Local\GitHubDesktop\bin;C:\tools\flutter\bin;;c:\Users\hjcho\.vscode\extensions\ms-python.debugpy-2025.8.0-win32-x64\bundled\scripts\noConfigScripts
USERNAME=hjcho
LANG=ko_KR.UTF-8
OS=Windows_NT
PROCESSOR_IDENTIFIER=Intel64 Family 6 Model 58 Stepping 9, GenuineIntel
TMP=C:\Users\hjcho\AppData\Local\Temp
TEMP=C:\Users\hjcho\AppData\Local\Temp




---------------  S Y S T E M  ---------------

OS:
 Windows 10 , 64 bit Build 19041 (10.0.19041.5198)
OS uptime: 0 days 12:28 hours
Hyper-V role detected

CPU: total 4 (initial active 4) (4 cores per cpu, 1 threads per core) family 6 model 58 stepping 9 microcode 0x21, cx8, cmov, fxsr, mmx, sse, sse2, sse3, ssse3, sse4.1, sse4.2, popcnt, tsc, tscinvbit, avx, aes, erms, clmul, vzeroupper, clflush, hv, rdtscp, f16c

Memory: 4k page, system-wide physical 16063M (3830M free)
TotalPageFile size 16063M (AvailPageFile size 1140M)
current process WorkingSet (physical memory assigned to process): 667M, peak: 670M
current process commit charge ("private bytes"): 1128M, peak: 2408M

vm_info: OpenJDK 64-Bit Server VM (20.0.1+9-29) for windows-amd64 JRE (20.0.1+9-29), built on 2023-03-07T13:56:11Z by "mach5one" with MS VC++ 17.1 (VS2022)

END.
